<?xml version="1.0" encoding="UTF-8"?>
<testng-results ignored="1" total="2" passed="1" failed="0" skipped="0">
  <reporter-output>
  </reporter-output>
  <suite started-at="2023-07-05T10:31:12 ICT" name="Default suite" finished-at="2023-07-05T10:31:30 ICT" duration-ms="17317">
    <groups>
    </groups>
    <test started-at="2023-07-05T10:31:12 ICT" name="Default test" finished-at="2023-07-05T10:31:30 ICT" duration-ms="17317">
      <class name="test.MainTest">
        <test-method is-config="true" signature="setupDriver()[pri:0, instance:test.MainTest@76b1e9b8]" started-at="2023-07-05T10:31:12 ICT" name="setupDriver" finished-at="2023-07-05T10:31:15 ICT" duration-ms="2848" status="PASS">
          <reporter-output>
          </reporter-output>
        </test-method> <!-- setupDriver -->
        <test-method signature="loginSuccessfulTest()[pri:1, instance:test.MainTest@76b1e9b8]" started-at="2023-07-05T10:31:15 ICT" name="loginSuccessfulTest" finished-at="2023-07-05T10:31:29 ICT" duration-ms="14137" status="PASS">
          <reporter-output>
          </reporter-output>
        </test-method> <!-- loginSuccessfulTest -->
        <test-method is-config="true" signature="tearDownDriver()[pri:0, instance:test.MainTest@76b1e9b8]" started-at="2023-07-05T10:31:29 ICT" name="tearDownDriver" finished-at="2023-07-05T10:31:30 ICT" duration-ms="298" status="PASS">
          <reporter-output>
          </reporter-output>
        </test-method> <!-- tearDownDriver -->
      </class> <!-- test.MainTest -->
    </test> <!-- Default test -->
  </suite> <!-- Default suite -->
</testng-results>
